[2022-09-24T19:10:45.601+0000] {taskinstance.py:1165} INFO - Dependencies all met for <TaskInstance: dbt_dag.model.migrate_to_dbt.view_data manual__2022-09-24T19:10:43.774583+00:00 [queued]>
[2022-09-24T19:10:45.615+0000] {taskinstance.py:1165} INFO - Dependencies all met for <TaskInstance: dbt_dag.model.migrate_to_dbt.view_data manual__2022-09-24T19:10:43.774583+00:00 [queued]>
[2022-09-24T19:10:45.615+0000] {taskinstance.py:1362} INFO - 
--------------------------------------------------------------------------------
[2022-09-24T19:10:45.615+0000] {taskinstance.py:1363} INFO - Starting attempt 1 of 2
[2022-09-24T19:10:45.616+0000] {taskinstance.py:1364} INFO - 
--------------------------------------------------------------------------------
[2022-09-24T19:10:45.639+0000] {taskinstance.py:1383} INFO - Executing <Task(BashOperator): model.migrate_to_dbt.view_data> on 2022-09-24 19:10:43.774583+00:00
[2022-09-24T19:10:45.646+0000] {standard_task_runner.py:54} INFO - Started process 339 to run task
[2022-09-24T19:10:45.651+0000] {standard_task_runner.py:82} INFO - Running: ['***', 'tasks', 'run', 'dbt_dag', 'model.migrate_to_dbt.view_data', 'manual__2022-09-24T19:10:43.774583+00:00', '--job-id', '114', '--raw', '--subdir', 'DAGS_FOLDER/dbt_dag.py', '--cfg-path', '/tmp/tmph3gz52bp']
[2022-09-24T19:10:45.652+0000] {standard_task_runner.py:83} INFO - Job 114: Subtask model.migrate_to_dbt.view_data
[2022-09-24T19:10:45.654+0000] {dagbag.py:525} INFO - Filling up the DagBag from /opt/***/dags/dbt_dag.py
[2022-09-24T19:10:45.774+0000] {task_command.py:384} INFO - Running <TaskInstance: dbt_dag.model.migrate_to_dbt.view_data manual__2022-09-24T19:10:43.774583+00:00 [running]> on host 1e3e39d515da
[2022-09-24T19:10:45.877+0000] {taskinstance.py:1592} INFO - Exporting the following env vars:
AIRFLOW_CTX_DAG_EMAIL=isaaclucky88@gmail.com
AIRFLOW_CTX_DAG_OWNER=astronomer
AIRFLOW_CTX_DAG_ID=dbt_dag
AIRFLOW_CTX_TASK_ID=model.migrate_to_dbt.view_data
AIRFLOW_CTX_EXECUTION_DATE=2022-09-24T19:10:43.774583+00:00
AIRFLOW_CTX_TRY_NUMBER=1
AIRFLOW_CTX_DAG_RUN_ID=manual__2022-09-24T19:10:43.774583+00:00
[2022-09-24T19:10:45.878+0000] {subprocess.py:63} INFO - Tmp dir root location: 
 /tmp
[2022-09-24T19:10:45.879+0000] {subprocess.py:75} INFO - Running command: ['/bin/bash', '-c', '\n            cd /opt/***/migrate_to_dbt &&\n            dbt --no-write-json run --target prod --models view_data\n            ']
[2022-09-24T19:10:45.894+0000] {subprocess.py:86} INFO - Output:
[2022-09-24T19:10:51.499+0000] {subprocess.py:93} INFO - [0m19:10:51  Encountered an error while reading the project:
[2022-09-24T19:10:51.500+0000] {subprocess.py:93} INFO - [0m19:10:51    ERROR: Runtime Error
[2022-09-24T19:10:51.501+0000] {subprocess.py:93} INFO -   Could not find profile named 'migrate_to_dbt'
[2022-09-24T19:10:51.520+0000] {subprocess.py:93} INFO - [0m19:10:51  Encountered an error:
[2022-09-24T19:10:51.521+0000] {subprocess.py:93} INFO - Runtime Error
[2022-09-24T19:10:51.521+0000] {subprocess.py:93} INFO -   Could not run dbt
[2022-09-24T19:10:51.523+0000] {subprocess.py:93} INFO - [0m19:10:51  Traceback (most recent call last):
[2022-09-24T19:10:51.523+0000] {subprocess.py:93} INFO -   File "/home/***/.local/lib/python3.7/site-packages/dbt/task/base.py", line 108, in from_args
[2022-09-24T19:10:51.523+0000] {subprocess.py:93} INFO -     config = cls.ConfigType.from_args(args)
[2022-09-24T19:10:51.523+0000] {subprocess.py:93} INFO -   File "/home/***/.local/lib/python3.7/site-packages/dbt/config/runtime.py", line 226, in from_args
[2022-09-24T19:10:51.524+0000] {subprocess.py:93} INFO -     project, profile = cls.collect_parts(args)
[2022-09-24T19:10:51.524+0000] {subprocess.py:93} INFO -   File "/home/***/.local/lib/python3.7/site-packages/dbt/config/runtime.py", line 202, in collect_parts
[2022-09-24T19:10:51.524+0000] {subprocess.py:93} INFO -     profile = cls._get_rendered_profile(args, profile_renderer, profile_name)
[2022-09-24T19:10:51.524+0000] {subprocess.py:93} INFO -   File "/home/***/.local/lib/python3.7/site-packages/dbt/config/runtime.py", line 187, in _get_rendered_profile
[2022-09-24T19:10:51.524+0000] {subprocess.py:93} INFO -     return Profile.render_from_args(args, profile_renderer, profile_name)
[2022-09-24T19:10:51.524+0000] {subprocess.py:93} INFO -   File "/home/***/.local/lib/python3.7/site-packages/dbt/config/profile.py", line 433, in render_from_args
[2022-09-24T19:10:51.524+0000] {subprocess.py:93} INFO -     threads_override=threads_override,
[2022-09-24T19:10:51.525+0000] {subprocess.py:93} INFO -   File "/home/***/.local/lib/python3.7/site-packages/dbt/config/profile.py", line 384, in from_raw_profiles
[2022-09-24T19:10:51.525+0000] {subprocess.py:93} INFO -     raise DbtProjectError("Could not find profile named '{}'".format(profile_name))
[2022-09-24T19:10:51.525+0000] {subprocess.py:93} INFO - dbt.exceptions.DbtProjectError: Runtime Error
[2022-09-24T19:10:51.525+0000] {subprocess.py:93} INFO -   Could not find profile named 'migrate_to_dbt'
[2022-09-24T19:10:51.525+0000] {subprocess.py:93} INFO - 
[2022-09-24T19:10:51.525+0000] {subprocess.py:93} INFO - The above exception was the direct cause of the following exception:
[2022-09-24T19:10:51.525+0000] {subprocess.py:93} INFO - 
[2022-09-24T19:10:51.526+0000] {subprocess.py:93} INFO - Traceback (most recent call last):
[2022-09-24T19:10:51.526+0000] {subprocess.py:93} INFO -   File "/home/***/.local/lib/python3.7/site-packages/dbt/main.py", line 129, in main
[2022-09-24T19:10:51.526+0000] {subprocess.py:93} INFO -     results, succeeded = handle_and_check(args)
[2022-09-24T19:10:51.526+0000] {subprocess.py:93} INFO -   File "/home/***/.local/lib/python3.7/site-packages/dbt/main.py", line 191, in handle_and_check
[2022-09-24T19:10:51.526+0000] {subprocess.py:93} INFO -     task, res = run_from_args(parsed)
[2022-09-24T19:10:51.526+0000] {subprocess.py:93} INFO -   File "/home/***/.local/lib/python3.7/site-packages/dbt/main.py", line 218, in run_from_args
[2022-09-24T19:10:51.526+0000] {subprocess.py:93} INFO -     task = parsed.cls.from_args(args=parsed)
[2022-09-24T19:10:51.526+0000] {subprocess.py:93} INFO -   File "/home/***/.local/lib/python3.7/site-packages/dbt/task/base.py", line 185, in from_args
[2022-09-24T19:10:51.527+0000] {subprocess.py:93} INFO -     return super().from_args(args)
[2022-09-24T19:10:51.527+0000] {subprocess.py:93} INFO -   File "/home/***/.local/lib/python3.7/site-packages/dbt/task/base.py", line 114, in from_args
[2022-09-24T19:10:51.527+0000] {subprocess.py:93} INFO -     raise dbt.exceptions.RuntimeException("Could not run dbt") from exc
[2022-09-24T19:10:51.527+0000] {subprocess.py:93} INFO - dbt.exceptions.RuntimeException: Runtime Error
[2022-09-24T19:10:51.527+0000] {subprocess.py:93} INFO -   Could not run dbt
[2022-09-24T19:10:51.527+0000] {subprocess.py:93} INFO - 
[2022-09-24T19:10:51.689+0000] {subprocess.py:97} INFO - Command exited with return code 2
[2022-09-24T19:10:51.705+0000] {taskinstance.py:1851} ERROR - Task failed with exception
Traceback (most recent call last):
  File "/home/airflow/.local/lib/python3.7/site-packages/airflow/operators/bash.py", line 197, in execute
    f'Bash command failed. The command returned a non-zero exit code {result.exit_code}.'
airflow.exceptions.AirflowException: Bash command failed. The command returned a non-zero exit code 2.
[2022-09-24T19:10:51.712+0000] {taskinstance.py:1406} INFO - Marking task as UP_FOR_RETRY. dag_id=dbt_dag, task_id=model.migrate_to_dbt.view_data, execution_date=20220924T191043, start_date=20220924T191045, end_date=20220924T191051
[2022-09-24T19:10:51.731+0000] {standard_task_runner.py:107} ERROR - Failed to execute job 114 for task model.migrate_to_dbt.view_data (Bash command failed. The command returned a non-zero exit code 2.; 339)
[2022-09-24T19:10:51.776+0000] {local_task_job.py:164} INFO - Task exited with return code 1
[2022-09-24T19:10:51.812+0000] {local_task_job.py:273} INFO - 0 downstream tasks scheduled from follow-on schedule check
