[2022-09-23T21:52:08.412+0000] {taskinstance.py:1165} INFO - Dependencies all met for <TaskInstance: transform_data.transform manual__2022-09-23T21:52:07.055733+00:00 [queued]>
[2022-09-23T21:52:08.430+0000] {taskinstance.py:1165} INFO - Dependencies all met for <TaskInstance: transform_data.transform manual__2022-09-23T21:52:07.055733+00:00 [queued]>
[2022-09-23T21:52:08.430+0000] {taskinstance.py:1362} INFO - 
--------------------------------------------------------------------------------
[2022-09-23T21:52:08.430+0000] {taskinstance.py:1363} INFO - Starting attempt 1 of 1
[2022-09-23T21:52:08.430+0000] {taskinstance.py:1364} INFO - 
--------------------------------------------------------------------------------
[2022-09-23T21:52:08.457+0000] {taskinstance.py:1383} INFO - Executing <Task(BashOperator): transform> on 2022-09-23 21:52:07.055733+00:00
[2022-09-23T21:52:08.463+0000] {standard_task_runner.py:54} INFO - Started process 125 to run task
[2022-09-23T21:52:08.465+0000] {standard_task_runner.py:82} INFO - Running: ['***', 'tasks', 'run', 'transform_data', 'transform', 'manual__2022-09-23T21:52:07.055733+00:00', '--job-id', '4', '--raw', '--subdir', 'DAGS_FOLDER/dbt.py', '--cfg-path', '/tmp/tmp_6i0h8w8']
[2022-09-23T21:52:08.466+0000] {standard_task_runner.py:83} INFO - Job 4: Subtask transform
[2022-09-23T21:52:08.467+0000] {dagbag.py:525} INFO - Filling up the DagBag from /opt/***/dags/dbt.py
[2022-09-23T21:52:08.552+0000] {task_command.py:384} INFO - Running <TaskInstance: transform_data.transform manual__2022-09-23T21:52:07.055733+00:00 [running]> on host 5d3cae86339b
[2022-09-23T21:52:08.636+0000] {taskinstance.py:1592} INFO - Exporting the following env vars:
AIRFLOW_CTX_DAG_EMAIL=isaaclucky88@gmail.com
AIRFLOW_CTX_DAG_OWNER=***
AIRFLOW_CTX_DAG_ID=transform_data
AIRFLOW_CTX_TASK_ID=transform
AIRFLOW_CTX_EXECUTION_DATE=2022-09-23T21:52:07.055733+00:00
AIRFLOW_CTX_TRY_NUMBER=1
AIRFLOW_CTX_DAG_RUN_ID=manual__2022-09-23T21:52:07.055733+00:00
[2022-09-23T21:52:08.645+0000] {subprocess.py:63} INFO - Tmp dir root location: 
 /tmp
[2022-09-23T21:52:08.646+0000] {subprocess.py:75} INFO - Running command: ['/bin/bash', '-c', 'dbt run --projects_dir ~/Documents/10x/Week5/data-warehousing/migrate_to_dbt']
[2022-09-23T21:52:08.658+0000] {subprocess.py:86} INFO - Output:
[2022-09-23T21:52:08.674+0000] {subprocess.py:93} INFO - /bin/bash: line 1: dbt: command not found
[2022-09-23T21:52:08.674+0000] {subprocess.py:97} INFO - Command exited with return code 127
[2022-09-23T21:52:08.685+0000] {taskinstance.py:1851} ERROR - Task failed with exception
Traceback (most recent call last):
  File "/home/airflow/.local/lib/python3.7/site-packages/airflow/operators/bash.py", line 197, in execute
    f'Bash command failed. The command returned a non-zero exit code {result.exit_code}.'
airflow.exceptions.AirflowException: Bash command failed. The command returned a non-zero exit code 127.
[2022-09-23T21:52:08.690+0000] {taskinstance.py:1406} INFO - Marking task as FAILED. dag_id=transform_data, task_id=transform, execution_date=20220923T215207, start_date=20220923T215208, end_date=20220923T215208
[2022-09-23T21:52:08.704+0000] {warnings.py:110} WARNING - /home/***/.local/lib/python3.7/site-packages/***/utils/email.py:120: RemovedInAirflow3Warning: Fetching SMTP credentials from configuration variables will be deprecated in a future release. Please set credentials using a connection instead.
  send_mime_email(e_from=mail_from, e_to=recipients, mime_msg=msg, conn_id=conn_id, dryrun=dryrun)

[2022-09-23T21:52:08.705+0000] {configuration.py:569} WARNING - section/key [smtp/smtp_user] not found in config
[2022-09-23T21:52:08.705+0000] {email.py:229} INFO - Email alerting: attempt 1
[2022-09-23T21:52:08.711+0000] {configuration.py:569} WARNING - section/key [smtp/smtp_user] not found in config
[2022-09-23T21:52:08.711+0000] {email.py:229} INFO - Email alerting: attempt 1
[2022-09-23T21:52:08.712+0000] {taskinstance.py:1914} ERROR - Failed to send email to: ['isaaclucky88@gmail.com']
Traceback (most recent call last):
  File "/home/airflow/.local/lib/python3.7/site-packages/airflow/models/taskinstance.py", line 1457, in _run_raw_task
    self._execute_task_with_callbacks(context, test_mode)
  File "/home/airflow/.local/lib/python3.7/site-packages/airflow/models/taskinstance.py", line 1603, in _execute_task_with_callbacks
    result = self._execute_task(context, task_orig)
  File "/home/airflow/.local/lib/python3.7/site-packages/airflow/models/taskinstance.py", line 1664, in _execute_task
    result = execute_callable(context=context)
  File "/home/airflow/.local/lib/python3.7/site-packages/airflow/operators/bash.py", line 197, in execute
    f'Bash command failed. The command returned a non-zero exit code {result.exit_code}.'
airflow.exceptions.AirflowException: Bash command failed. The command returned a non-zero exit code 127.

During handling of the above exception, another exception occurred:

Traceback (most recent call last):
  File "/home/airflow/.local/lib/python3.7/site-packages/airflow/models/taskinstance.py", line 2311, in email_alert
    send_email(task.email, subject, html_content)
  File "/home/airflow/.local/lib/python3.7/site-packages/airflow/utils/email.py", line 72, in send_email
    **kwargs,
  File "/home/airflow/.local/lib/python3.7/site-packages/airflow/utils/email.py", line 120, in send_email_smtp
    send_mime_email(e_from=mail_from, e_to=recipients, mime_msg=msg, conn_id=conn_id, dryrun=dryrun)
  File "/home/airflow/.local/lib/python3.7/site-packages/airflow/utils/email.py", line 231, in send_mime_email
    smtp_conn = _get_smtp_connection(smtp_host, smtp_port, smtp_timeout, smtp_ssl)
  File "/home/airflow/.local/lib/python3.7/site-packages/airflow/utils/email.py", line 265, in _get_smtp_connection
    else smtplib.SMTP(host=host, port=port, timeout=timeout)
  File "/usr/local/lib/python3.7/smtplib.py", line 251, in __init__
    (code, msg) = self.connect(host, port)
  File "/usr/local/lib/python3.7/smtplib.py", line 336, in connect
    self.sock = self._get_socket(host, port, self.timeout)
  File "/usr/local/lib/python3.7/smtplib.py", line 307, in _get_socket
    self.source_address)
  File "/usr/local/lib/python3.7/socket.py", line 728, in create_connection
    raise err
  File "/usr/local/lib/python3.7/socket.py", line 716, in create_connection
    sock.connect(sa)
OSError: [Errno 99] Cannot assign requested address

During handling of the above exception, another exception occurred:

Traceback (most recent call last):
  File "/home/airflow/.local/lib/python3.7/site-packages/airflow/models/taskinstance.py", line 1912, in handle_failure
    self.email_alert(error, task)
  File "/home/airflow/.local/lib/python3.7/site-packages/airflow/models/taskinstance.py", line 2313, in email_alert
    send_email(task.email, subject, html_content_err)
  File "/home/airflow/.local/lib/python3.7/site-packages/airflow/utils/email.py", line 72, in send_email
    **kwargs,
  File "/home/airflow/.local/lib/python3.7/site-packages/airflow/utils/email.py", line 120, in send_email_smtp
    send_mime_email(e_from=mail_from, e_to=recipients, mime_msg=msg, conn_id=conn_id, dryrun=dryrun)
  File "/home/airflow/.local/lib/python3.7/site-packages/airflow/utils/email.py", line 231, in send_mime_email
    smtp_conn = _get_smtp_connection(smtp_host, smtp_port, smtp_timeout, smtp_ssl)
  File "/home/airflow/.local/lib/python3.7/site-packages/airflow/utils/email.py", line 265, in _get_smtp_connection
    else smtplib.SMTP(host=host, port=port, timeout=timeout)
  File "/usr/local/lib/python3.7/smtplib.py", line 251, in __init__
    (code, msg) = self.connect(host, port)
  File "/usr/local/lib/python3.7/smtplib.py", line 336, in connect
    self.sock = self._get_socket(host, port, self.timeout)
  File "/usr/local/lib/python3.7/smtplib.py", line 307, in _get_socket
    self.source_address)
  File "/usr/local/lib/python3.7/socket.py", line 728, in create_connection
    raise err
  File "/usr/local/lib/python3.7/socket.py", line 716, in create_connection
    sock.connect(sa)
OSError: [Errno 99] Cannot assign requested address
[2022-09-23T21:52:08.725+0000] {standard_task_runner.py:107} ERROR - Failed to execute job 4 for task transform (Bash command failed. The command returned a non-zero exit code 127.; 125)
[2022-09-23T21:52:08.758+0000] {local_task_job.py:164} INFO - Task exited with return code 1
[2022-09-23T21:52:08.786+0000] {local_task_job.py:273} INFO - 0 downstream tasks scheduled from follow-on schedule check
