[2022-09-23T21:29:30.262+0000] {taskinstance.py:1165} INFO - Dependencies all met for <TaskInstance: dbt_exec_scripts.dbt_run manual__2022-09-23T21:24:28.364982+00:00 [queued]>
[2022-09-23T21:29:30.270+0000] {taskinstance.py:1165} INFO - Dependencies all met for <TaskInstance: dbt_exec_scripts.dbt_run manual__2022-09-23T21:24:28.364982+00:00 [queued]>
[2022-09-23T21:29:30.270+0000] {taskinstance.py:1362} INFO - 
--------------------------------------------------------------------------------
[2022-09-23T21:29:30.270+0000] {taskinstance.py:1363} INFO - Starting attempt 2 of 2
[2022-09-23T21:29:30.270+0000] {taskinstance.py:1364} INFO - 
--------------------------------------------------------------------------------
[2022-09-23T21:29:30.281+0000] {taskinstance.py:1383} INFO - Executing <Task(BashOperator): dbt_run> on 2022-09-23 21:24:28.364982+00:00
[2022-09-23T21:29:30.285+0000] {standard_task_runner.py:54} INFO - Started process 458 to run task
[2022-09-23T21:29:30.287+0000] {standard_task_runner.py:82} INFO - Running: ['***', 'tasks', 'run', 'dbt_exec_scripts', 'dbt_run', 'manual__2022-09-23T21:24:28.364982+00:00', '--job-id', '11', '--raw', '--subdir', 'DAGS_FOLDER/dbt.py', '--cfg-path', '/tmp/tmpqlx_1nzi']
[2022-09-23T21:29:30.288+0000] {standard_task_runner.py:83} INFO - Job 11: Subtask dbt_run
[2022-09-23T21:29:30.288+0000] {dagbag.py:525} INFO - Filling up the DagBag from /opt/***/dags/dbt.py
[2022-09-23T21:29:30.336+0000] {task_command.py:384} INFO - Running <TaskInstance: dbt_exec_scripts.dbt_run manual__2022-09-23T21:24:28.364982+00:00 [running]> on host 5a2e1a5b1229
[2022-09-23T21:29:30.388+0000] {taskinstance.py:1592} INFO - Exporting the following env vars:
AIRFLOW_CTX_DAG_EMAIL=isaaclucky88@gmail.com
AIRFLOW_CTX_DAG_OWNER=yishak tadele
AIRFLOW_CTX_DAG_ID=dbt_exec_scripts
AIRFLOW_CTX_TASK_ID=dbt_run
AIRFLOW_CTX_EXECUTION_DATE=2022-09-23T21:24:28.364982+00:00
AIRFLOW_CTX_TRY_NUMBER=2
AIRFLOW_CTX_DAG_RUN_ID=manual__2022-09-23T21:24:28.364982+00:00
[2022-09-23T21:29:30.389+0000] {subprocess.py:63} INFO - Tmp dir root location: 
 /tmp
[2022-09-23T21:29:30.390+0000] {subprocess.py:75} INFO - Running command: ['/bin/bash', '-c', 'dbt run']
[2022-09-23T21:29:30.399+0000] {subprocess.py:86} INFO - Output:
[2022-09-23T21:29:30.401+0000] {subprocess.py:93} INFO - /bin/bash: line 1: dbt: command not found
[2022-09-23T21:29:30.401+0000] {subprocess.py:97} INFO - Command exited with return code 127
[2022-09-23T21:29:30.410+0000] {taskinstance.py:1851} ERROR - Task failed with exception
Traceback (most recent call last):
  File "/home/airflow/.local/lib/python3.7/site-packages/airflow/operators/bash.py", line 197, in execute
    f'Bash command failed. The command returned a non-zero exit code {result.exit_code}.'
airflow.exceptions.AirflowException: Bash command failed. The command returned a non-zero exit code 127.
[2022-09-23T21:29:30.413+0000] {taskinstance.py:1406} INFO - Marking task as FAILED. dag_id=dbt_exec_scripts, task_id=dbt_run, execution_date=20220923T212428, start_date=20220923T212930, end_date=20220923T212930
[2022-09-23T21:29:30.425+0000] {warnings.py:110} WARNING - /home/***/.local/lib/python3.7/site-packages/***/utils/email.py:120: RemovedInAirflow3Warning: Fetching SMTP credentials from configuration variables will be deprecated in a future release. Please set credentials using a connection instead.
  send_mime_email(e_from=mail_from, e_to=recipients, mime_msg=msg, conn_id=conn_id, dryrun=dryrun)

[2022-09-23T21:29:30.426+0000] {configuration.py:569} WARNING - section/key [smtp/smtp_user] not found in config
[2022-09-23T21:29:30.426+0000] {email.py:229} INFO - Email alerting: attempt 1
[2022-09-23T21:29:30.431+0000] {configuration.py:569} WARNING - section/key [smtp/smtp_user] not found in config
[2022-09-23T21:29:30.431+0000] {email.py:229} INFO - Email alerting: attempt 1
[2022-09-23T21:29:30.432+0000] {taskinstance.py:1914} ERROR - Failed to send email to: ['isaaclucky88@gmail.com']
Traceback (most recent call last):
  File "/home/airflow/.local/lib/python3.7/site-packages/airflow/models/taskinstance.py", line 1457, in _run_raw_task
    self._execute_task_with_callbacks(context, test_mode)
  File "/home/airflow/.local/lib/python3.7/site-packages/airflow/models/taskinstance.py", line 1603, in _execute_task_with_callbacks
    result = self._execute_task(context, task_orig)
  File "/home/airflow/.local/lib/python3.7/site-packages/airflow/models/taskinstance.py", line 1664, in _execute_task
    result = execute_callable(context=context)
  File "/home/airflow/.local/lib/python3.7/site-packages/airflow/operators/bash.py", line 197, in execute
    f'Bash command failed. The command returned a non-zero exit code {result.exit_code}.'
airflow.exceptions.AirflowException: Bash command failed. The command returned a non-zero exit code 127.

During handling of the above exception, another exception occurred:

Traceback (most recent call last):
  File "/home/airflow/.local/lib/python3.7/site-packages/airflow/models/taskinstance.py", line 2311, in email_alert
    send_email(task.email, subject, html_content)
  File "/home/airflow/.local/lib/python3.7/site-packages/airflow/utils/email.py", line 72, in send_email
    **kwargs,
  File "/home/airflow/.local/lib/python3.7/site-packages/airflow/utils/email.py", line 120, in send_email_smtp
    send_mime_email(e_from=mail_from, e_to=recipients, mime_msg=msg, conn_id=conn_id, dryrun=dryrun)
  File "/home/airflow/.local/lib/python3.7/site-packages/airflow/utils/email.py", line 231, in send_mime_email
    smtp_conn = _get_smtp_connection(smtp_host, smtp_port, smtp_timeout, smtp_ssl)
  File "/home/airflow/.local/lib/python3.7/site-packages/airflow/utils/email.py", line 265, in _get_smtp_connection
    else smtplib.SMTP(host=host, port=port, timeout=timeout)
  File "/usr/local/lib/python3.7/smtplib.py", line 251, in __init__
    (code, msg) = self.connect(host, port)
  File "/usr/local/lib/python3.7/smtplib.py", line 336, in connect
    self.sock = self._get_socket(host, port, self.timeout)
  File "/usr/local/lib/python3.7/smtplib.py", line 307, in _get_socket
    self.source_address)
  File "/usr/local/lib/python3.7/socket.py", line 728, in create_connection
    raise err
  File "/usr/local/lib/python3.7/socket.py", line 716, in create_connection
    sock.connect(sa)
OSError: [Errno 99] Cannot assign requested address

During handling of the above exception, another exception occurred:

Traceback (most recent call last):
  File "/home/airflow/.local/lib/python3.7/site-packages/airflow/models/taskinstance.py", line 1912, in handle_failure
    self.email_alert(error, task)
  File "/home/airflow/.local/lib/python3.7/site-packages/airflow/models/taskinstance.py", line 2313, in email_alert
    send_email(task.email, subject, html_content_err)
  File "/home/airflow/.local/lib/python3.7/site-packages/airflow/utils/email.py", line 72, in send_email
    **kwargs,
  File "/home/airflow/.local/lib/python3.7/site-packages/airflow/utils/email.py", line 120, in send_email_smtp
    send_mime_email(e_from=mail_from, e_to=recipients, mime_msg=msg, conn_id=conn_id, dryrun=dryrun)
  File "/home/airflow/.local/lib/python3.7/site-packages/airflow/utils/email.py", line 231, in send_mime_email
    smtp_conn = _get_smtp_connection(smtp_host, smtp_port, smtp_timeout, smtp_ssl)
  File "/home/airflow/.local/lib/python3.7/site-packages/airflow/utils/email.py", line 265, in _get_smtp_connection
    else smtplib.SMTP(host=host, port=port, timeout=timeout)
  File "/usr/local/lib/python3.7/smtplib.py", line 251, in __init__
    (code, msg) = self.connect(host, port)
  File "/usr/local/lib/python3.7/smtplib.py", line 336, in connect
    self.sock = self._get_socket(host, port, self.timeout)
  File "/usr/local/lib/python3.7/smtplib.py", line 307, in _get_socket
    self.source_address)
  File "/usr/local/lib/python3.7/socket.py", line 728, in create_connection
    raise err
  File "/usr/local/lib/python3.7/socket.py", line 716, in create_connection
    sock.connect(sa)
OSError: [Errno 99] Cannot assign requested address
[2022-09-23T21:29:30.442+0000] {standard_task_runner.py:107} ERROR - Failed to execute job 11 for task dbt_run (Bash command failed. The command returned a non-zero exit code 127.; 458)
[2022-09-23T21:29:30.459+0000] {local_task_job.py:164} INFO - Task exited with return code 1
[2022-09-23T21:29:30.484+0000] {local_task_job.py:273} INFO - 0 downstream tasks scheduled from follow-on schedule check
